<?xml version="1.0" encoding="UTF-8"?>
<testsuites>
  <testsuite name="/home/rebec/dbwebb-kurser/mvc/me/report/phpunit.dist.xml" tests="94" assertions="149" errors="0" failures="0" skipped="0" time="7.487356">
    <testsuite name="project" tests="94" assertions="149" errors="0" failures="0" skipped="0" time="7.487356">
      <testsuite name="App\Test\Card\BankCardHandTest" file="/home/rebec/dbwebb-kurser/mvc/me/report/tests/Card/BankCardHandTest.php" tests="4" assertions="7" errors="0" failures="0" skipped="0" time="0.089249">
        <testcase name="testCreateBankCardHand" file="/home/rebec/dbwebb-kurser/mvc/me/report/tests/Card/BankCardHandTest.php" line="18" class="App\Test\Card\BankCardHandTest" classname="App.Test.Card.BankCardHandTest" assertions="1" time="0.079363"/>
        <testcase name="testPlayGame" file="/home/rebec/dbwebb-kurser/mvc/me/report/tests/Card/BankCardHandTest.php" line="29" class="App\Test\Card\BankCardHandTest" classname="App.Test.Card.BankCardHandTest" assertions="2" time="0.003777"/>
        <testcase name="testTotalPoints" file="/home/rebec/dbwebb-kurser/mvc/me/report/tests/Card/BankCardHandTest.php" line="46" class="App\Test\Card\BankCardHandTest" classname="App.Test.Card.BankCardHandTest" assertions="2" time="0.003410"/>
        <testcase name="testaddPoints" file="/home/rebec/dbwebb-kurser/mvc/me/report/tests/Card/BankCardHandTest.php" line="64" class="App\Test\Card\BankCardHandTest" classname="App.Test.Card.BankCardHandTest" assertions="2" time="0.002700"/>
      </testsuite>
      <testsuite name="App\Test\Card\CardGraphicTest" file="/home/rebec/dbwebb-kurser/mvc/me/report/tests/Card/CardGraphicTest.php" tests="5" assertions="11" errors="0" failures="0" skipped="0" time="0.011426">
        <testcase name="testCreateCardGraphic" file="/home/rebec/dbwebb-kurser/mvc/me/report/tests/Card/CardGraphicTest.php" line="17" class="App\Test\Card\CardGraphicTest" classname="App.Test.Card.CardGraphicTest" assertions="3" time="0.002548"/>
        <testcase name="testGetCardHeart" file="/home/rebec/dbwebb-kurser/mvc/me/report/tests/Card/CardGraphicTest.php" line="32" class="App\Test\Card\CardGraphicTest" classname="App.Test.Card.CardGraphicTest" assertions="2" time="0.002034"/>
        <testcase name="testGetCardClub" file="/home/rebec/dbwebb-kurser/mvc/me/report/tests/Card/CardGraphicTest.php" line="45" class="App\Test\Card\CardGraphicTest" classname="App.Test.Card.CardGraphicTest" assertions="2" time="0.001982"/>
        <testcase name="testGetCardDiamond" file="/home/rebec/dbwebb-kurser/mvc/me/report/tests/Card/CardGraphicTest.php" line="58" class="App\Test\Card\CardGraphicTest" classname="App.Test.Card.CardGraphicTest" assertions="2" time="0.002530"/>
        <testcase name="testGetCardSpade" file="/home/rebec/dbwebb-kurser/mvc/me/report/tests/Card/CardGraphicTest.php" line="71" class="App\Test\Card\CardGraphicTest" classname="App.Test.Card.CardGraphicTest" assertions="2" time="0.002332"/>
      </testsuite>
      <testsuite name="App\Test\Card\CardHandTest" file="/home/rebec/dbwebb-kurser/mvc/me/report/tests/Card/CardHandTest.php" tests="4" assertions="14" errors="0" failures="0" skipped="0" time="0.011664">
        <testcase name="testCreateCardHand" file="/home/rebec/dbwebb-kurser/mvc/me/report/tests/Card/CardHandTest.php" line="18" class="App\Test\Card\CardHandTest" classname="App.Test.Card.CardHandTest" assertions="1" time="0.002375"/>
        <testcase name="testDrawCard" file="/home/rebec/dbwebb-kurser/mvc/me/report/tests/Card/CardHandTest.php" line="29" class="App\Test\Card\CardHandTest" classname="App.Test.Card.CardHandTest" assertions="4" time="0.002435"/>
        <testcase name="testDrawCardMore" file="/home/rebec/dbwebb-kurser/mvc/me/report/tests/Card/CardHandTest.php" line="47" class="App\Test\Card\CardHandTest" classname="App.Test.Card.CardHandTest" assertions="4" time="0.002680"/>
        <testcase name="testDrawCardToMany" file="/home/rebec/dbwebb-kurser/mvc/me/report/tests/Card/CardHandTest.php" line="65" class="App\Test\Card\CardHandTest" classname="App.Test.Card.CardHandTest" assertions="5" time="0.004173"/>
      </testsuite>
      <testsuite name="App\Test\Card\CardTest" file="/home/rebec/dbwebb-kurser/mvc/me/report/tests/Card/CardTest.php" tests="2" assertions="5" errors="0" failures="0" skipped="0" time="0.004593">
        <testcase name="testCreateCard" file="/home/rebec/dbwebb-kurser/mvc/me/report/tests/Card/CardTest.php" line="17" class="App\Test\Card\CardTest" classname="App.Test.Card.CardTest" assertions="3" time="0.002344"/>
        <testcase name="testGetCard" file="/home/rebec/dbwebb-kurser/mvc/me/report/tests/Card/CardTest.php" line="32" class="App\Test\Card\CardTest" classname="App.Test.Card.CardTest" assertions="2" time="0.002249"/>
      </testsuite>
      <testsuite name="App\Test\Card\DeckOfCardsTest" file="/home/rebec/dbwebb-kurser/mvc/me/report/tests/Card/DeckOfCardsTest.php" tests="3" assertions="8" errors="0" failures="0" skipped="0" time="0.010071">
        <testcase name="testCreateDeckOfCards" file="/home/rebec/dbwebb-kurser/mvc/me/report/tests/Card/DeckOfCardsTest.php" line="17" class="App\Test\Card\DeckOfCardsTest" classname="App.Test.Card.DeckOfCardsTest" assertions="3" time="0.003749"/>
        <testcase name="testGetNumOfCard" file="/home/rebec/dbwebb-kurser/mvc/me/report/tests/Card/DeckOfCardsTest.php" line="32" class="App\Test\Card\DeckOfCardsTest" classname="App.Test.Card.DeckOfCardsTest" assertions="3" time="0.003575"/>
        <testcase name="testDrawCard" file="/home/rebec/dbwebb-kurser/mvc/me/report/tests/Card/DeckOfCardsTest.php" line="50" class="App\Test\Card\DeckOfCardsTest" classname="App.Test.Card.DeckOfCardsTest" assertions="2" time="0.002747"/>
      </testsuite>
      <testsuite name="App\Test\Card\PlayerCardHandTest" file="/home/rebec/dbwebb-kurser/mvc/me/report/tests/Card/PlayerCardHandTest.php" tests="4" assertions="7" errors="0" failures="0" skipped="0" time="0.013539">
        <testcase name="testCreatePlayerCardHand" file="/home/rebec/dbwebb-kurser/mvc/me/report/tests/Card/PlayerCardHandTest.php" line="18" class="App\Test\Card\PlayerCardHandTest" classname="App.Test.Card.PlayerCardHandTest" assertions="1" time="0.003427"/>
        <testcase name="testDrawPlayerCard" file="/home/rebec/dbwebb-kurser/mvc/me/report/tests/Card/PlayerCardHandTest.php" line="29" class="App\Test\Card\PlayerCardHandTest" classname="App.Test.Card.PlayerCardHandTest" assertions="2" time="0.004041"/>
        <testcase name="testTotalPoints" file="/home/rebec/dbwebb-kurser/mvc/me/report/tests/Card/PlayerCardHandTest.php" line="46" class="App\Test\Card\PlayerCardHandTest" classname="App.Test.Card.PlayerCardHandTest" assertions="2" time="0.003102"/>
        <testcase name="testaddPoints" file="/home/rebec/dbwebb-kurser/mvc/me/report/tests/Card/PlayerCardHandTest.php" line="64" class="App\Test\Card\PlayerCardHandTest" classname="App.Test.Card.PlayerCardHandTest" assertions="2" time="0.002969"/>
      </testsuite>
      <testsuite name="App\Test\Controller\AppControllerJsonTest" file="/home/rebec/dbwebb-kurser/mvc/me/report/tests/Controller/AppControllerJsonTest.php" tests="7" assertions="7" errors="0" failures="0" skipped="0" time="2.716758">
        <testcase name="testJsonQuote" file="/home/rebec/dbwebb-kurser/mvc/me/report/tests/Controller/AppControllerJsonTest.php" line="15" class="App\Test\Controller\AppControllerJsonTest" classname="App.Test.Controller.AppControllerJsonTest" assertions="1" time="2.620961"/>
        <testcase name="testJsonDeck" file="/home/rebec/dbwebb-kurser/mvc/me/report/tests/Controller/AppControllerJsonTest.php" line="27" class="App\Test\Controller\AppControllerJsonTest" classname="App.Test.Controller.AppControllerJsonTest" assertions="1" time="0.016515"/>
        <testcase name="testJsonShuffle" file="/home/rebec/dbwebb-kurser/mvc/me/report/tests/Controller/AppControllerJsonTest.php" line="38" class="App\Test\Controller\AppControllerJsonTest" classname="App.Test.Controller.AppControllerJsonTest" assertions="1" time="0.020472"/>
        <testcase name="testJsonDraw" file="/home/rebec/dbwebb-kurser/mvc/me/report/tests/Controller/AppControllerJsonTest.php" line="50" class="App\Test\Controller\AppControllerJsonTest" classname="App.Test.Controller.AppControllerJsonTest" assertions="1" time="0.015507"/>
        <testcase name="testJsonDrawMore" file="/home/rebec/dbwebb-kurser/mvc/me/report/tests/Controller/AppControllerJsonTest.php" line="62" class="App\Test\Controller\AppControllerJsonTest" classname="App.Test.Controller.AppControllerJsonTest" assertions="1" time="0.013290"/>
        <testcase name="testJsonDrawMoreMax" file="/home/rebec/dbwebb-kurser/mvc/me/report/tests/Controller/AppControllerJsonTest.php" line="74" class="App\Test\Controller\AppControllerJsonTest" classname="App.Test.Controller.AppControllerJsonTest" assertions="1" time="0.014084"/>
        <testcase name="testJsonGame" file="/home/rebec/dbwebb-kurser/mvc/me/report/tests/Controller/AppControllerJsonTest.php" line="86" class="App\Test\Controller\AppControllerJsonTest" classname="App.Test.Controller.AppControllerJsonTest" assertions="1" time="0.015929"/>
      </testsuite>
      <testsuite name="App\Test\Controller\AppControllerTwigTest" file="/home/rebec/dbwebb-kurser/mvc/me/report/tests/Controller/AppControllerTwigTest.php" tests="6" assertions="6" errors="0" failures="0" skipped="0" time="0.193730">
        <testcase name="testHome" file="/home/rebec/dbwebb-kurser/mvc/me/report/tests/Controller/AppControllerTwigTest.php" line="13" class="App\Test\Controller\AppControllerTwigTest" classname="App.Test.Controller.AppControllerTwigTest" assertions="1" time="0.051735"/>
        <testcase name="testAbout" file="/home/rebec/dbwebb-kurser/mvc/me/report/tests/Controller/AppControllerTwigTest.php" line="24" class="App\Test\Controller\AppControllerTwigTest" classname="App.Test.Controller.AppControllerTwigTest" assertions="1" time="0.027011"/>
        <testcase name="testReport" file="/home/rebec/dbwebb-kurser/mvc/me/report/tests/Controller/AppControllerTwigTest.php" line="35" class="App\Test\Controller\AppControllerTwigTest" classname="App.Test.Controller.AppControllerTwigTest" assertions="1" time="0.025090"/>
        <testcase name="testLucky" file="/home/rebec/dbwebb-kurser/mvc/me/report/tests/Controller/AppControllerTwigTest.php" line="46" class="App\Test\Controller\AppControllerTwigTest" classname="App.Test.Controller.AppControllerTwigTest" assertions="1" time="0.025457"/>
        <testcase name="testApi" file="/home/rebec/dbwebb-kurser/mvc/me/report/tests/Controller/AppControllerTwigTest.php" line="57" class="App\Test\Controller\AppControllerTwigTest" classname="App.Test.Controller.AppControllerTwigTest" assertions="1" time="0.035234"/>
        <testcase name="testMetrics" file="/home/rebec/dbwebb-kurser/mvc/me/report/tests/Controller/AppControllerTwigTest.php" line="68" class="App\Test\Controller\AppControllerTwigTest" classname="App.Test.Controller.AppControllerTwigTest" assertions="1" time="0.029203"/>
      </testsuite>
      <testsuite name="App\Test\Controller\CardGameControllerTest" file="/home/rebec/dbwebb-kurser/mvc/me/report/tests/Controller/CardGameControllerTest.php" tests="10" assertions="11" errors="0" failures="0" skipped="0" time="0.512073">
        <testcase name="testSession" file="/home/rebec/dbwebb-kurser/mvc/me/report/tests/Controller/CardGameControllerTest.php" line="13" class="App\Test\Controller\CardGameControllerTest" classname="App.Test.Controller.CardGameControllerTest" assertions="2" time="0.049402"/>
        <testcase name="testCard" file="/home/rebec/dbwebb-kurser/mvc/me/report/tests/Controller/CardGameControllerTest.php" line="28" class="App\Test\Controller\CardGameControllerTest" classname="App.Test.Controller.CardGameControllerTest" assertions="1" time="0.023309"/>
        <testcase name="testDeckNoSession" file="/home/rebec/dbwebb-kurser/mvc/me/report/tests/Controller/CardGameControllerTest.php" line="39" class="App\Test\Controller\CardGameControllerTest" classname="App.Test.Controller.CardGameControllerTest" assertions="1" time="0.029279"/>
        <testcase name="testDeck" file="/home/rebec/dbwebb-kurser/mvc/me/report/tests/Controller/CardGameControllerTest.php" line="50" class="App\Test\Controller\CardGameControllerTest" classname="App.Test.Controller.CardGameControllerTest" assertions="1" time="0.045026"/>
        <testcase name="testShuffleNoSession" file="/home/rebec/dbwebb-kurser/mvc/me/report/tests/Controller/CardGameControllerTest.php" line="62" class="App\Test\Controller\CardGameControllerTest" classname="App.Test.Controller.CardGameControllerTest" assertions="1" time="0.043184"/>
        <testcase name="testShuffle" file="/home/rebec/dbwebb-kurser/mvc/me/report/tests/Controller/CardGameControllerTest.php" line="73" class="App\Test\Controller\CardGameControllerTest" classname="App.Test.Controller.CardGameControllerTest" assertions="1" time="0.054956"/>
        <testcase name="testDrawNoSession" file="/home/rebec/dbwebb-kurser/mvc/me/report/tests/Controller/CardGameControllerTest.php" line="85" class="App\Test\Controller\CardGameControllerTest" classname="App.Test.Controller.CardGameControllerTest" assertions="1" time="0.039403"/>
        <testcase name="testDraw" file="/home/rebec/dbwebb-kurser/mvc/me/report/tests/Controller/CardGameControllerTest.php" line="96" class="App\Test\Controller\CardGameControllerTest" classname="App.Test.Controller.CardGameControllerTest" assertions="1" time="0.063087"/>
        <testcase name="testDrawManyNoSession" file="/home/rebec/dbwebb-kurser/mvc/me/report/tests/Controller/CardGameControllerTest.php" line="108" class="App\Test\Controller\CardGameControllerTest" classname="App.Test.Controller.CardGameControllerTest" assertions="1" time="0.021579"/>
        <testcase name="testDrawMany" file="/home/rebec/dbwebb-kurser/mvc/me/report/tests/Controller/CardGameControllerTest.php" line="119" class="App\Test\Controller\CardGameControllerTest" classname="App.Test.Controller.CardGameControllerTest" assertions="1" time="0.142849"/>
      </testsuite>
      <testsuite name="App\Test\Controller\DiceGameControllerTest" file="/home/rebec/dbwebb-kurser/mvc/me/report/tests/Controller/DiceGameControllerTest.php" tests="10" assertions="13" errors="0" failures="0" skipped="0" time="0.287332">
        <testcase name="testHome" file="/home/rebec/dbwebb-kurser/mvc/me/report/tests/Controller/DiceGameControllerTest.php" line="13" class="App\Test\Controller\DiceGameControllerTest" classname="App.Test.Controller.DiceGameControllerTest" assertions="1" time="0.019584"/>
        <testcase name="testRollDice" file="/home/rebec/dbwebb-kurser/mvc/me/report/tests/Controller/DiceGameControllerTest.php" line="24" class="App\Test\Controller\DiceGameControllerTest" classname="App.Test.Controller.DiceGameControllerTest" assertions="1" time="0.018782"/>
        <testcase name="testTestRollDices" file="/home/rebec/dbwebb-kurser/mvc/me/report/tests/Controller/DiceGameControllerTest.php" line="35" class="App\Test\Controller\DiceGameControllerTest" classname="App.Test.Controller.DiceGameControllerTest" assertions="1" time="0.022300"/>
        <testcase name="testRollDicesTooMany" file="/home/rebec/dbwebb-kurser/mvc/me/report/tests/Controller/DiceGameControllerTest.php" line="46" class="App\Test\Controller\DiceGameControllerTest" classname="App.Test.Controller.DiceGameControllerTest" assertions="1" time="0.028951"/>
        <testcase name="testTestDiceHand" file="/home/rebec/dbwebb-kurser/mvc/me/report/tests/Controller/DiceGameControllerTest.php" line="57" class="App\Test\Controller\DiceGameControllerTest" classname="App.Test.Controller.DiceGameControllerTest" assertions="1" time="0.033883"/>
        <testcase name="testInit" file="/home/rebec/dbwebb-kurser/mvc/me/report/tests/Controller/DiceGameControllerTest.php" line="68" class="App\Test\Controller\DiceGameControllerTest" classname="App.Test.Controller.DiceGameControllerTest" assertions="1" time="0.024622"/>
        <testcase name="testInitPost" file="/home/rebec/dbwebb-kurser/mvc/me/report/tests/Controller/DiceGameControllerTest.php" line="79" class="App\Test\Controller\DiceGameControllerTest" classname="App.Test.Controller.DiceGameControllerTest" assertions="2" time="0.017985"/>
        <testcase name="testPlay" file="/home/rebec/dbwebb-kurser/mvc/me/report/tests/Controller/DiceGameControllerTest.php" line="92" class="App\Test\Controller\DiceGameControllerTest" classname="App.Test.Controller.DiceGameControllerTest" assertions="1" time="0.051848"/>
        <testcase name="testRoll" file="/home/rebec/dbwebb-kurser/mvc/me/report/tests/Controller/DiceGameControllerTest.php" line="106" class="App\Test\Controller\DiceGameControllerTest" classname="App.Test.Controller.DiceGameControllerTest" assertions="2" time="0.043471"/>
        <testcase name="testSave" file="/home/rebec/dbwebb-kurser/mvc/me/report/tests/Controller/DiceGameControllerTest.php" line="120" class="App\Test\Controller\DiceGameControllerTest" classname="App.Test.Controller.DiceGameControllerTest" assertions="2" time="0.025905"/>
      </testsuite>
      <testsuite name="App\Test\Controller\LibraryControllerTest" file="/home/rebec/dbwebb-kurser/mvc/me/report/tests/Controller/LibraryControllerTest.php" tests="1" assertions="1" errors="0" failures="0" skipped="0" time="0.047527">
        <testcase name="testIndex" file="/home/rebec/dbwebb-kurser/mvc/me/report/tests/Controller/LibraryControllerTest.php" line="15" class="App\Test\Controller\LibraryControllerTest" classname="App.Test.Controller.LibraryControllerTest" assertions="1" time="0.047527"/>
      </testsuite>
      <testsuite name="App\Test\Controller\ProjectControllerJsonTest" file="/home/rebec/dbwebb-kurser/mvc/me/report/tests/Controller/ProjectControllerJsonTest.php" tests="6" assertions="6" errors="0" failures="0" skipped="0" time="0.122886">
        <testcase name="testApiDeck" file="/home/rebec/dbwebb-kurser/mvc/me/report/tests/Controller/ProjectControllerJsonTest.php" line="13" class="App\Test\Controller\ProjectControllerJsonTest" classname="App.Test.Controller.ProjectControllerJsonTest" assertions="1" time="0.028335"/>
        <testcase name="testApiTable" file="/home/rebec/dbwebb-kurser/mvc/me/report/tests/Controller/ProjectControllerJsonTest.php" line="25" class="App\Test\Controller\ProjectControllerJsonTest" classname="App.Test.Controller.ProjectControllerJsonTest" assertions="1" time="0.022807"/>
        <testcase name="testApiTableString" file="/home/rebec/dbwebb-kurser/mvc/me/report/tests/Controller/ProjectControllerJsonTest.php" line="37" class="App\Test\Controller\ProjectControllerJsonTest" classname="App.Test.Controller.ProjectControllerJsonTest" assertions="1" time="0.020301"/>
        <testcase name="testApiTableIsFull" file="/home/rebec/dbwebb-kurser/mvc/me/report/tests/Controller/ProjectControllerJsonTest.php" line="49" class="App\Test\Controller\ProjectControllerJsonTest" classname="App.Test.Controller.ProjectControllerJsonTest" assertions="1" time="0.015108"/>
        <testcase name="testApiScore" file="/home/rebec/dbwebb-kurser/mvc/me/report/tests/Controller/ProjectControllerJsonTest.php" line="61" class="App\Test\Controller\ProjectControllerJsonTest" classname="App.Test.Controller.ProjectControllerJsonTest" assertions="1" time="0.014130"/>
        <testcase name="testApiDelete" file="/home/rebec/dbwebb-kurser/mvc/me/report/tests/Controller/ProjectControllerJsonTest.php" line="73" class="App\Test\Controller\ProjectControllerJsonTest" classname="App.Test.Controller.ProjectControllerJsonTest" assertions="1" time="0.022206"/>
      </testsuite>
      <testsuite name="App\Test\Controller\ProjectControllerTest" file="/home/rebec/dbwebb-kurser/mvc/me/report/tests/Controller/ProjectControllerTest.php" tests="8" assertions="10" errors="0" failures="0" skipped="0" time="2.928536">
        <testcase name="testAbout" file="/home/rebec/dbwebb-kurser/mvc/me/report/tests/Controller/ProjectControllerTest.php" line="15" class="App\Test\Controller\ProjectControllerTest" classname="App.Test.Controller.ProjectControllerTest" assertions="1" time="0.044003"/>
        <testcase name="testProj" file="/home/rebec/dbwebb-kurser/mvc/me/report/tests/Controller/ProjectControllerTest.php" line="27" class="App\Test\Controller\ProjectControllerTest" classname="App.Test.Controller.ProjectControllerTest" assertions="1" time="0.053204"/>
        <testcase name="testSquareBoard" file="/home/rebec/dbwebb-kurser/mvc/me/report/tests/Controller/ProjectControllerTest.php" line="39" class="App\Test\Controller\ProjectControllerTest" classname="App.Test.Controller.ProjectControllerTest" assertions="1" time="2.531015"/>
        <testcase name="testSquareBoardPost" file="/home/rebec/dbwebb-kurser/mvc/me/report/tests/Controller/ProjectControllerTest.php" line="55" class="App\Test\Controller\ProjectControllerTest" classname="App.Test.Controller.ProjectControllerTest" assertions="2" time="0.070840"/>
        <testcase name="testSquareBoardPostCardsFull" file="/home/rebec/dbwebb-kurser/mvc/me/report/tests/Controller/ProjectControllerTest.php" line="74" class="App\Test\Controller\ProjectControllerTest" classname="App.Test.Controller.ProjectControllerTest" assertions="2" time="0.061088"/>
        <testcase name="testSquareBoardFinishedCardsNotFilled" file="/home/rebec/dbwebb-kurser/mvc/me/report/tests/Controller/ProjectControllerTest.php" line="93" class="App\Test\Controller\ProjectControllerTest" classname="App.Test.Controller.ProjectControllerTest" assertions="1" time="0.060103"/>
        <testcase name="testSquareBoardFinishedCardsFilled" file="/home/rebec/dbwebb-kurser/mvc/me/report/tests/Controller/ProjectControllerTest.php" line="106" class="App\Test\Controller\ProjectControllerTest" classname="App.Test.Controller.ProjectControllerTest" assertions="1" time="0.066908"/>
        <testcase name="testApi" file="/home/rebec/dbwebb-kurser/mvc/me/report/tests/Controller/ProjectControllerTest.php" line="119" class="App\Test\Controller\ProjectControllerTest" classname="App.Test.Controller.ProjectControllerTest" assertions="1" time="0.041374"/>
      </testsuite>
      <testsuite name="App\Test\Controller\TwentyOneGameControllerTest" file="/home/rebec/dbwebb-kurser/mvc/me/report/tests/Controller/TwentyOneGameControllerTest.php" tests="7" assertions="7" errors="0" failures="0" skipped="0" time="0.418274">
        <testcase name="testGame" file="/home/rebec/dbwebb-kurser/mvc/me/report/tests/Controller/TwentyOneGameControllerTest.php" line="14" class="App\Test\Controller\TwentyOneGameControllerTest" classname="App.Test.Controller.TwentyOneGameControllerTest" assertions="1" time="0.025515"/>
        <testcase name="testDoc" file="/home/rebec/dbwebb-kurser/mvc/me/report/tests/Controller/TwentyOneGameControllerTest.php" line="25" class="App\Test\Controller\TwentyOneGameControllerTest" classname="App.Test.Controller.TwentyOneGameControllerTest" assertions="1" time="0.028145"/>
        <testcase name="testBoard" file="/home/rebec/dbwebb-kurser/mvc/me/report/tests/Controller/TwentyOneGameControllerTest.php" line="36" class="App\Test\Controller\TwentyOneGameControllerTest" classname="App.Test.Controller.TwentyOneGameControllerTest" assertions="1" time="0.039952"/>
        <testcase name="testBoardDrawn" file="/home/rebec/dbwebb-kurser/mvc/me/report/tests/Controller/TwentyOneGameControllerTest.php" line="47" class="App\Test\Controller\TwentyOneGameControllerTest" classname="App.Test.Controller.TwentyOneGameControllerTest" assertions="1" time="0.045954"/>
        <testcase name="testBoardEss" file="/home/rebec/dbwebb-kurser/mvc/me/report/tests/Controller/TwentyOneGameControllerTest.php" line="101" class="App\Test\Controller\TwentyOneGameControllerTest" classname="App.Test.Controller.TwentyOneGameControllerTest" assertions="1" time="0.069687"/>
        <testcase name="testBoardlost" file="/home/rebec/dbwebb-kurser/mvc/me/report/tests/Controller/TwentyOneGameControllerTest.php" line="113" class="App\Test\Controller\TwentyOneGameControllerTest" classname="App.Test.Controller.TwentyOneGameControllerTest" assertions="1" time="0.101273"/>
        <testcase name="testBoardEnd" file="/home/rebec/dbwebb-kurser/mvc/me/report/tests/Controller/TwentyOneGameControllerTest.php" line="125" class="App\Test\Controller\TwentyOneGameControllerTest" classname="App.Test.Controller.TwentyOneGameControllerTest" assertions="1" time="0.107748"/>
      </testsuite>
      <testsuite name="App\Test\Dice\DiceGraphicTest" file="/home/rebec/dbwebb-kurser/mvc/me/report/tests/Dice/DiceGraphicTest.php" tests="1" assertions="2" errors="0" failures="0" skipped="0" time="0.006003">
        <testcase name="testCreateDice" file="/home/rebec/dbwebb-kurser/mvc/me/report/tests/Dice/DiceGraphicTest.php" line="17" class="App\Test\Dice\DiceGraphicTest" classname="App.Test.Dice.DiceGraphicTest" assertions="2" time="0.006003"/>
      </testsuite>
      <testsuite name="App\Test\Dice\DiceHandTest" file="/home/rebec/dbwebb-kurser/mvc/me/report/tests/Dice/DiceHandTest.php" tests="4" assertions="6" errors="0" failures="0" skipped="0" time="0.037499">
        <testcase name="testAddStubbedDices" file="/home/rebec/dbwebb-kurser/mvc/me/report/tests/Dice/DiceHandTest.php" line="17" class="App\Test\Dice\DiceHandTest" classname="App.Test.Dice.DiceHandTest" assertions="1" time="0.012217"/>
        <testcase name="testGetNumberDices" file="/home/rebec/dbwebb-kurser/mvc/me/report/tests/Dice/DiceHandTest.php" line="39" class="App\Test\Dice\DiceHandTest" classname="App.Test.Dice.DiceHandTest" assertions="1" time="0.007782"/>
        <testcase name="testAddDicesMixed" file="/home/rebec/dbwebb-kurser/mvc/me/report/tests/Dice/DiceHandTest.php" line="56" class="App\Test\Dice\DiceHandTest" classname="App.Test.Dice.DiceHandTest" assertions="1" time="0.006267"/>
        <testcase name="testGetValues" file="/home/rebec/dbwebb-kurser/mvc/me/report/tests/Dice/DiceHandTest.php" line="67" class="App\Test\Dice\DiceHandTest" classname="App.Test.Dice.DiceHandTest" assertions="3" time="0.011234"/>
      </testsuite>
      <testsuite name="App\Test\Dice\DiceTest" file="/home/rebec/dbwebb-kurser/mvc/me/report/tests/Dice/DiceTest.php" tests="2" assertions="5" errors="0" failures="0" skipped="0" time="0.011914">
        <testcase name="testCreateDice" file="/home/rebec/dbwebb-kurser/mvc/me/report/tests/Dice/DiceTest.php" line="17" class="App\Test\Dice\DiceTest" classname="App.Test.Dice.DiceTest" assertions="2" time="0.005955"/>
        <testcase name="testRoll" file="/home/rebec/dbwebb-kurser/mvc/me/report/tests/Dice/DiceTest.php" line="29" class="App\Test\Dice\DiceTest" classname="App.Test.Dice.DiceTest" assertions="3" time="0.005959"/>
      </testsuite>
      <testsuite name="App\Test\Entity\LibraryTest" file="/home/rebec/dbwebb-kurser/mvc/me/report/tests/Entity/LibraryTest.php" tests="6" assertions="17" errors="0" failures="0" skipped="0" time="0.036944">
        <testcase name="testId" file="/home/rebec/dbwebb-kurser/mvc/me/report/tests/Entity/LibraryTest.php" line="16" class="App\Test\Entity\LibraryTest" classname="App.Test.Entity.LibraryTest" assertions="2" time="0.005789"/>
        <testcase name="testTitle" file="/home/rebec/dbwebb-kurser/mvc/me/report/tests/Entity/LibraryTest.php" line="28" class="App\Test\Entity\LibraryTest" classname="App.Test.Entity.LibraryTest" assertions="3" time="0.005576"/>
        <testcase name="testIsbn" file="/home/rebec/dbwebb-kurser/mvc/me/report/tests/Entity/LibraryTest.php" line="44" class="App\Test\Entity\LibraryTest" classname="App.Test.Entity.LibraryTest" assertions="3" time="0.006340"/>
        <testcase name="testAuthor" file="/home/rebec/dbwebb-kurser/mvc/me/report/tests/Entity/LibraryTest.php" line="60" class="App\Test\Entity\LibraryTest" classname="App.Test.Entity.LibraryTest" assertions="3" time="0.005942"/>
        <testcase name="testImgLink" file="/home/rebec/dbwebb-kurser/mvc/me/report/tests/Entity/LibraryTest.php" line="76" class="App\Test\Entity\LibraryTest" classname="App.Test.Entity.LibraryTest" assertions="3" time="0.006735"/>
        <testcase name="testDetails" file="/home/rebec/dbwebb-kurser/mvc/me/report/tests/Entity/LibraryTest.php" line="92" class="App\Test\Entity\LibraryTest" classname="App.Test.Entity.LibraryTest" assertions="3" time="0.006563"/>
      </testsuite>
      <testsuite name="App\Test\Project\TableTest" file="/home/rebec/dbwebb-kurser/mvc/me/report/tests/Project/TableTest.php" tests="4" assertions="6" errors="0" failures="0" skipped="0" time="0.027336">
        <testcase name="testCreateTable" file="/home/rebec/dbwebb-kurser/mvc/me/report/tests/Project/TableTest.php" line="18" class="App\Test\Project\TableTest" classname="App.Test.Project.TableTest" assertions="1" time="0.005844"/>
        <testcase name="testInsertCard" file="/home/rebec/dbwebb-kurser/mvc/me/report/tests/Project/TableTest.php" line="27" class="App\Test\Project\TableTest" classname="App.Test.Project.TableTest" assertions="1" time="0.007292"/>
        <testcase name="testGetTable" file="/home/rebec/dbwebb-kurser/mvc/me/report/tests/Project/TableTest.php" line="44" class="App\Test\Project\TableTest" classname="App.Test.Project.TableTest" assertions="2" time="0.006034"/>
        <testcase name="testCalculateScore" file="/home/rebec/dbwebb-kurser/mvc/me/report/tests/Project/TableTest.php" line="64" class="App\Test\Project\TableTest" classname="App.Test.Project.TableTest" assertions="2" time="0.008166"/>
      </testsuite>
    </testsuite>
  </testsuite>
</testsuites>
