<?xml version="1.0" encoding="UTF-8"?>
<testsuites>
  <testsuite name="/home/rebec/dbwebb-kurser/mvc/me/report/phpunit.dist.xml" tests="94" assertions="149" errors="0" failures="0" skipped="0" time="4.589961">
    <testsuite name="project" tests="94" assertions="149" errors="0" failures="0" skipped="0" time="4.589961">
      <testsuite name="App\Test\Card\BankCardHandTest" file="/home/rebec/dbwebb-kurser/mvc/me/report/tests/Card/BankCardHandTest.php" tests="4" assertions="7" errors="0" failures="0" skipped="0" time="0.072308">
        <testcase name="testCreateBankCardHand" file="/home/rebec/dbwebb-kurser/mvc/me/report/tests/Card/BankCardHandTest.php" line="18" class="App\Test\Card\BankCardHandTest" classname="App.Test.Card.BankCardHandTest" assertions="1" time="0.062195"/>
        <testcase name="testPlayGame" file="/home/rebec/dbwebb-kurser/mvc/me/report/tests/Card/BankCardHandTest.php" line="29" class="App\Test\Card\BankCardHandTest" classname="App.Test.Card.BankCardHandTest" assertions="2" time="0.004404"/>
        <testcase name="testTotalPoints" file="/home/rebec/dbwebb-kurser/mvc/me/report/tests/Card/BankCardHandTest.php" line="46" class="App\Test\Card\BankCardHandTest" classname="App.Test.Card.BankCardHandTest" assertions="2" time="0.003205"/>
        <testcase name="testaddPoints" file="/home/rebec/dbwebb-kurser/mvc/me/report/tests/Card/BankCardHandTest.php" line="64" class="App\Test\Card\BankCardHandTest" classname="App.Test.Card.BankCardHandTest" assertions="2" time="0.002504"/>
      </testsuite>
      <testsuite name="App\Test\Card\CardGraphicTest" file="/home/rebec/dbwebb-kurser/mvc/me/report/tests/Card/CardGraphicTest.php" tests="5" assertions="11" errors="0" failures="0" skipped="0" time="0.012350">
        <testcase name="testCreateCardGraphic" file="/home/rebec/dbwebb-kurser/mvc/me/report/tests/Card/CardGraphicTest.php" line="17" class="App\Test\Card\CardGraphicTest" classname="App.Test.Card.CardGraphicTest" assertions="3" time="0.002564"/>
        <testcase name="testGetCardHeart" file="/home/rebec/dbwebb-kurser/mvc/me/report/tests/Card/CardGraphicTest.php" line="32" class="App\Test\Card\CardGraphicTest" classname="App.Test.Card.CardGraphicTest" assertions="2" time="0.002829"/>
        <testcase name="testGetCardClub" file="/home/rebec/dbwebb-kurser/mvc/me/report/tests/Card/CardGraphicTest.php" line="45" class="App\Test\Card\CardGraphicTest" classname="App.Test.Card.CardGraphicTest" assertions="2" time="0.002404"/>
        <testcase name="testGetCardDiamond" file="/home/rebec/dbwebb-kurser/mvc/me/report/tests/Card/CardGraphicTest.php" line="58" class="App\Test\Card\CardGraphicTest" classname="App.Test.Card.CardGraphicTest" assertions="2" time="0.002077"/>
        <testcase name="testGetCardSpade" file="/home/rebec/dbwebb-kurser/mvc/me/report/tests/Card/CardGraphicTest.php" line="71" class="App\Test\Card\CardGraphicTest" classname="App.Test.Card.CardGraphicTest" assertions="2" time="0.002476"/>
      </testsuite>
      <testsuite name="App\Test\Card\CardHandTest" file="/home/rebec/dbwebb-kurser/mvc/me/report/tests/Card/CardHandTest.php" tests="4" assertions="14" errors="0" failures="0" skipped="0" time="0.012665">
        <testcase name="testCreateCardHand" file="/home/rebec/dbwebb-kurser/mvc/me/report/tests/Card/CardHandTest.php" line="18" class="App\Test\Card\CardHandTest" classname="App.Test.Card.CardHandTest" assertions="1" time="0.002545"/>
        <testcase name="testDrawCard" file="/home/rebec/dbwebb-kurser/mvc/me/report/tests/Card/CardHandTest.php" line="29" class="App\Test\Card\CardHandTest" classname="App.Test.Card.CardHandTest" assertions="4" time="0.003347"/>
        <testcase name="testDrawCardMore" file="/home/rebec/dbwebb-kurser/mvc/me/report/tests/Card/CardHandTest.php" line="47" class="App\Test\Card\CardHandTest" classname="App.Test.Card.CardHandTest" assertions="4" time="0.002629"/>
        <testcase name="testDrawCardToMany" file="/home/rebec/dbwebb-kurser/mvc/me/report/tests/Card/CardHandTest.php" line="65" class="App\Test\Card\CardHandTest" classname="App.Test.Card.CardHandTest" assertions="5" time="0.004143"/>
      </testsuite>
      <testsuite name="App\Test\Card\CardTest" file="/home/rebec/dbwebb-kurser/mvc/me/report/tests/Card/CardTest.php" tests="2" assertions="5" errors="0" failures="0" skipped="0" time="0.004717">
        <testcase name="testCreateCard" file="/home/rebec/dbwebb-kurser/mvc/me/report/tests/Card/CardTest.php" line="17" class="App\Test\Card\CardTest" classname="App.Test.Card.CardTest" assertions="3" time="0.002379"/>
        <testcase name="testGetCard" file="/home/rebec/dbwebb-kurser/mvc/me/report/tests/Card/CardTest.php" line="32" class="App\Test\Card\CardTest" classname="App.Test.Card.CardTest" assertions="2" time="0.002338"/>
      </testsuite>
      <testsuite name="App\Test\Card\DeckOfCardsTest" file="/home/rebec/dbwebb-kurser/mvc/me/report/tests/Card/DeckOfCardsTest.php" tests="3" assertions="8" errors="0" failures="0" skipped="0" time="0.008207">
        <testcase name="testCreateDeckOfCards" file="/home/rebec/dbwebb-kurser/mvc/me/report/tests/Card/DeckOfCardsTest.php" line="17" class="App\Test\Card\DeckOfCardsTest" classname="App.Test.Card.DeckOfCardsTest" assertions="3" time="0.003637"/>
        <testcase name="testGetNumOfCard" file="/home/rebec/dbwebb-kurser/mvc/me/report/tests/Card/DeckOfCardsTest.php" line="32" class="App\Test\Card\DeckOfCardsTest" classname="App.Test.Card.DeckOfCardsTest" assertions="3" time="0.002577"/>
        <testcase name="testDrawCard" file="/home/rebec/dbwebb-kurser/mvc/me/report/tests/Card/DeckOfCardsTest.php" line="50" class="App\Test\Card\DeckOfCardsTest" classname="App.Test.Card.DeckOfCardsTest" assertions="2" time="0.001993"/>
      </testsuite>
      <testsuite name="App\Test\Card\PlayerCardHandTest" file="/home/rebec/dbwebb-kurser/mvc/me/report/tests/Card/PlayerCardHandTest.php" tests="4" assertions="7" errors="0" failures="0" skipped="0" time="0.011933">
        <testcase name="testCreatePlayerCardHand" file="/home/rebec/dbwebb-kurser/mvc/me/report/tests/Card/PlayerCardHandTest.php" line="18" class="App\Test\Card\PlayerCardHandTest" classname="App.Test.Card.PlayerCardHandTest" assertions="1" time="0.003408"/>
        <testcase name="testDrawPlayerCard" file="/home/rebec/dbwebb-kurser/mvc/me/report/tests/Card/PlayerCardHandTest.php" line="29" class="App\Test\Card\PlayerCardHandTest" classname="App.Test.Card.PlayerCardHandTest" assertions="2" time="0.002858"/>
        <testcase name="testTotalPoints" file="/home/rebec/dbwebb-kurser/mvc/me/report/tests/Card/PlayerCardHandTest.php" line="46" class="App\Test\Card\PlayerCardHandTest" classname="App.Test.Card.PlayerCardHandTest" assertions="2" time="0.003125"/>
        <testcase name="testaddPoints" file="/home/rebec/dbwebb-kurser/mvc/me/report/tests/Card/PlayerCardHandTest.php" line="64" class="App\Test\Card\PlayerCardHandTest" classname="App.Test.Card.PlayerCardHandTest" assertions="2" time="0.002543"/>
      </testsuite>
      <testsuite name="App\Test\Controller\AppControllerJsonTest" file="/home/rebec/dbwebb-kurser/mvc/me/report/tests/Controller/AppControllerJsonTest.php" tests="7" assertions="7" errors="0" failures="0" skipped="0" time="1.631341">
        <testcase name="testJsonQuote" file="/home/rebec/dbwebb-kurser/mvc/me/report/tests/Controller/AppControllerJsonTest.php" line="15" class="App\Test\Controller\AppControllerJsonTest" classname="App.Test.Controller.AppControllerJsonTest" assertions="1" time="1.547341"/>
        <testcase name="testJsonDeck" file="/home/rebec/dbwebb-kurser/mvc/me/report/tests/Controller/AppControllerJsonTest.php" line="27" class="App\Test\Controller\AppControllerJsonTest" classname="App.Test.Controller.AppControllerJsonTest" assertions="1" time="0.017033"/>
        <testcase name="testJsonShuffle" file="/home/rebec/dbwebb-kurser/mvc/me/report/tests/Controller/AppControllerJsonTest.php" line="38" class="App\Test\Controller\AppControllerJsonTest" classname="App.Test.Controller.AppControllerJsonTest" assertions="1" time="0.013552"/>
        <testcase name="testJsonDraw" file="/home/rebec/dbwebb-kurser/mvc/me/report/tests/Controller/AppControllerJsonTest.php" line="50" class="App\Test\Controller\AppControllerJsonTest" classname="App.Test.Controller.AppControllerJsonTest" assertions="1" time="0.013045"/>
        <testcase name="testJsonDrawMore" file="/home/rebec/dbwebb-kurser/mvc/me/report/tests/Controller/AppControllerJsonTest.php" line="62" class="App\Test\Controller\AppControllerJsonTest" classname="App.Test.Controller.AppControllerJsonTest" assertions="1" time="0.013062"/>
        <testcase name="testJsonDrawMoreMax" file="/home/rebec/dbwebb-kurser/mvc/me/report/tests/Controller/AppControllerJsonTest.php" line="74" class="App\Test\Controller\AppControllerJsonTest" classname="App.Test.Controller.AppControllerJsonTest" assertions="1" time="0.014662"/>
        <testcase name="testJsonGame" file="/home/rebec/dbwebb-kurser/mvc/me/report/tests/Controller/AppControllerJsonTest.php" line="86" class="App\Test\Controller\AppControllerJsonTest" classname="App.Test.Controller.AppControllerJsonTest" assertions="1" time="0.012647"/>
      </testsuite>
      <testsuite name="App\Test\Controller\AppControllerTwigTest" file="/home/rebec/dbwebb-kurser/mvc/me/report/tests/Controller/AppControllerTwigTest.php" tests="6" assertions="6" errors="0" failures="0" skipped="0" time="0.211715">
        <testcase name="testHome" file="/home/rebec/dbwebb-kurser/mvc/me/report/tests/Controller/AppControllerTwigTest.php" line="13" class="App\Test\Controller\AppControllerTwigTest" classname="App.Test.Controller.AppControllerTwigTest" assertions="1" time="0.107759"/>
        <testcase name="testAbout" file="/home/rebec/dbwebb-kurser/mvc/me/report/tests/Controller/AppControllerTwigTest.php" line="24" class="App\Test\Controller\AppControllerTwigTest" classname="App.Test.Controller.AppControllerTwigTest" assertions="1" time="0.024346"/>
        <testcase name="testReport" file="/home/rebec/dbwebb-kurser/mvc/me/report/tests/Controller/AppControllerTwigTest.php" line="35" class="App\Test\Controller\AppControllerTwigTest" classname="App.Test.Controller.AppControllerTwigTest" assertions="1" time="0.022849"/>
        <testcase name="testLucky" file="/home/rebec/dbwebb-kurser/mvc/me/report/tests/Controller/AppControllerTwigTest.php" line="46" class="App\Test\Controller\AppControllerTwigTest" classname="App.Test.Controller.AppControllerTwigTest" assertions="1" time="0.017157"/>
        <testcase name="testApi" file="/home/rebec/dbwebb-kurser/mvc/me/report/tests/Controller/AppControllerTwigTest.php" line="57" class="App\Test\Controller\AppControllerTwigTest" classname="App.Test.Controller.AppControllerTwigTest" assertions="1" time="0.017564"/>
        <testcase name="testMetrics" file="/home/rebec/dbwebb-kurser/mvc/me/report/tests/Controller/AppControllerTwigTest.php" line="68" class="App\Test\Controller\AppControllerTwigTest" classname="App.Test.Controller.AppControllerTwigTest" assertions="1" time="0.022041"/>
      </testsuite>
      <testsuite name="App\Test\Controller\CardGameControllerTest" file="/home/rebec/dbwebb-kurser/mvc/me/report/tests/Controller/CardGameControllerTest.php" tests="10" assertions="11" errors="0" failures="0" skipped="0" time="0.349034">
        <testcase name="testSession" file="/home/rebec/dbwebb-kurser/mvc/me/report/tests/Controller/CardGameControllerTest.php" line="13" class="App\Test\Controller\CardGameControllerTest" classname="App.Test.Controller.CardGameControllerTest" assertions="2" time="0.034897"/>
        <testcase name="testCard" file="/home/rebec/dbwebb-kurser/mvc/me/report/tests/Controller/CardGameControllerTest.php" line="28" class="App\Test\Controller\CardGameControllerTest" classname="App.Test.Controller.CardGameControllerTest" assertions="1" time="0.020211"/>
        <testcase name="testDeckNoSession" file="/home/rebec/dbwebb-kurser/mvc/me/report/tests/Controller/CardGameControllerTest.php" line="39" class="App\Test\Controller\CardGameControllerTest" classname="App.Test.Controller.CardGameControllerTest" assertions="1" time="0.024347"/>
        <testcase name="testDeck" file="/home/rebec/dbwebb-kurser/mvc/me/report/tests/Controller/CardGameControllerTest.php" line="50" class="App\Test\Controller\CardGameControllerTest" classname="App.Test.Controller.CardGameControllerTest" assertions="1" time="0.040277"/>
        <testcase name="testShuffleNoSession" file="/home/rebec/dbwebb-kurser/mvc/me/report/tests/Controller/CardGameControllerTest.php" line="62" class="App\Test\Controller\CardGameControllerTest" classname="App.Test.Controller.CardGameControllerTest" assertions="1" time="0.022992"/>
        <testcase name="testShuffle" file="/home/rebec/dbwebb-kurser/mvc/me/report/tests/Controller/CardGameControllerTest.php" line="73" class="App\Test\Controller\CardGameControllerTest" classname="App.Test.Controller.CardGameControllerTest" assertions="1" time="0.041733"/>
        <testcase name="testDrawNoSession" file="/home/rebec/dbwebb-kurser/mvc/me/report/tests/Controller/CardGameControllerTest.php" line="85" class="App\Test\Controller\CardGameControllerTest" classname="App.Test.Controller.CardGameControllerTest" assertions="1" time="0.020263"/>
        <testcase name="testDraw" file="/home/rebec/dbwebb-kurser/mvc/me/report/tests/Controller/CardGameControllerTest.php" line="96" class="App\Test\Controller\CardGameControllerTest" classname="App.Test.Controller.CardGameControllerTest" assertions="1" time="0.034813"/>
        <testcase name="testDrawManyNoSession" file="/home/rebec/dbwebb-kurser/mvc/me/report/tests/Controller/CardGameControllerTest.php" line="108" class="App\Test\Controller\CardGameControllerTest" classname="App.Test.Controller.CardGameControllerTest" assertions="1" time="0.019201"/>
        <testcase name="testDrawMany" file="/home/rebec/dbwebb-kurser/mvc/me/report/tests/Controller/CardGameControllerTest.php" line="119" class="App\Test\Controller\CardGameControllerTest" classname="App.Test.Controller.CardGameControllerTest" assertions="1" time="0.090301"/>
      </testsuite>
      <testsuite name="App\Test\Controller\DiceGameControllerTest" file="/home/rebec/dbwebb-kurser/mvc/me/report/tests/Controller/DiceGameControllerTest.php" tests="10" assertions="13" errors="0" failures="0" skipped="0" time="0.201545">
        <testcase name="testHome" file="/home/rebec/dbwebb-kurser/mvc/me/report/tests/Controller/DiceGameControllerTest.php" line="13" class="App\Test\Controller\DiceGameControllerTest" classname="App.Test.Controller.DiceGameControllerTest" assertions="1" time="0.018542"/>
        <testcase name="testRollDice" file="/home/rebec/dbwebb-kurser/mvc/me/report/tests/Controller/DiceGameControllerTest.php" line="24" class="App\Test\Controller\DiceGameControllerTest" classname="App.Test.Controller.DiceGameControllerTest" assertions="1" time="0.018607"/>
        <testcase name="testTestRollDices" file="/home/rebec/dbwebb-kurser/mvc/me/report/tests/Controller/DiceGameControllerTest.php" line="35" class="App\Test\Controller\DiceGameControllerTest" classname="App.Test.Controller.DiceGameControllerTest" assertions="1" time="0.018288"/>
        <testcase name="testRollDicesTooMany" file="/home/rebec/dbwebb-kurser/mvc/me/report/tests/Controller/DiceGameControllerTest.php" line="46" class="App\Test\Controller\DiceGameControllerTest" classname="App.Test.Controller.DiceGameControllerTest" assertions="1" time="0.015368"/>
        <testcase name="testTestDiceHand" file="/home/rebec/dbwebb-kurser/mvc/me/report/tests/Controller/DiceGameControllerTest.php" line="57" class="App\Test\Controller\DiceGameControllerTest" classname="App.Test.Controller.DiceGameControllerTest" assertions="1" time="0.017263"/>
        <testcase name="testInit" file="/home/rebec/dbwebb-kurser/mvc/me/report/tests/Controller/DiceGameControllerTest.php" line="68" class="App\Test\Controller\DiceGameControllerTest" classname="App.Test.Controller.DiceGameControllerTest" assertions="1" time="0.018536"/>
        <testcase name="testInitPost" file="/home/rebec/dbwebb-kurser/mvc/me/report/tests/Controller/DiceGameControllerTest.php" line="79" class="App\Test\Controller\DiceGameControllerTest" classname="App.Test.Controller.DiceGameControllerTest" assertions="2" time="0.014271"/>
        <testcase name="testPlay" file="/home/rebec/dbwebb-kurser/mvc/me/report/tests/Controller/DiceGameControllerTest.php" line="92" class="App\Test\Controller\DiceGameControllerTest" classname="App.Test.Controller.DiceGameControllerTest" assertions="1" time="0.034810"/>
        <testcase name="testRoll" file="/home/rebec/dbwebb-kurser/mvc/me/report/tests/Controller/DiceGameControllerTest.php" line="106" class="App\Test\Controller\DiceGameControllerTest" classname="App.Test.Controller.DiceGameControllerTest" assertions="2" time="0.023042"/>
        <testcase name="testSave" file="/home/rebec/dbwebb-kurser/mvc/me/report/tests/Controller/DiceGameControllerTest.php" line="120" class="App\Test\Controller\DiceGameControllerTest" classname="App.Test.Controller.DiceGameControllerTest" assertions="2" time="0.022817"/>
      </testsuite>
      <testsuite name="App\Test\Controller\LibraryControllerTest" file="/home/rebec/dbwebb-kurser/mvc/me/report/tests/Controller/LibraryControllerTest.php" tests="1" assertions="1" errors="0" failures="0" skipped="0" time="0.077481">
        <testcase name="testIndex" file="/home/rebec/dbwebb-kurser/mvc/me/report/tests/Controller/LibraryControllerTest.php" line="15" class="App\Test\Controller\LibraryControllerTest" classname="App.Test.Controller.LibraryControllerTest" assertions="1" time="0.077481"/>
      </testsuite>
      <testsuite name="App\Test\Controller\ProjectControllerJsonTest" file="/home/rebec/dbwebb-kurser/mvc/me/report/tests/Controller/ProjectControllerJsonTest.php" tests="6" assertions="6" errors="0" failures="0" skipped="0" time="0.072569">
        <testcase name="testApiDeck" file="/home/rebec/dbwebb-kurser/mvc/me/report/tests/Controller/ProjectControllerJsonTest.php" line="13" class="App\Test\Controller\ProjectControllerJsonTest" classname="App.Test.Controller.ProjectControllerJsonTest" assertions="1" time="0.010978"/>
        <testcase name="testApiTable" file="/home/rebec/dbwebb-kurser/mvc/me/report/tests/Controller/ProjectControllerJsonTest.php" line="25" class="App\Test\Controller\ProjectControllerJsonTest" classname="App.Test.Controller.ProjectControllerJsonTest" assertions="1" time="0.011963"/>
        <testcase name="testApiTableString" file="/home/rebec/dbwebb-kurser/mvc/me/report/tests/Controller/ProjectControllerJsonTest.php" line="37" class="App\Test\Controller\ProjectControllerJsonTest" classname="App.Test.Controller.ProjectControllerJsonTest" assertions="1" time="0.012840"/>
        <testcase name="testApiTableIsFull" file="/home/rebec/dbwebb-kurser/mvc/me/report/tests/Controller/ProjectControllerJsonTest.php" line="49" class="App\Test\Controller\ProjectControllerJsonTest" classname="App.Test.Controller.ProjectControllerJsonTest" assertions="1" time="0.012313"/>
        <testcase name="testApiScore" file="/home/rebec/dbwebb-kurser/mvc/me/report/tests/Controller/ProjectControllerJsonTest.php" line="61" class="App\Test\Controller\ProjectControllerJsonTest" classname="App.Test.Controller.ProjectControllerJsonTest" assertions="1" time="0.012127"/>
        <testcase name="testApiDelete" file="/home/rebec/dbwebb-kurser/mvc/me/report/tests/Controller/ProjectControllerJsonTest.php" line="73" class="App\Test\Controller\ProjectControllerJsonTest" classname="App.Test.Controller.ProjectControllerJsonTest" assertions="1" time="0.012347"/>
      </testsuite>
      <testsuite name="App\Test\Controller\ProjectControllerTest" file="/home/rebec/dbwebb-kurser/mvc/me/report/tests/Controller/ProjectControllerTest.php" tests="8" assertions="10" errors="0" failures="0" skipped="0" time="1.654512">
        <testcase name="testAbout" file="/home/rebec/dbwebb-kurser/mvc/me/report/tests/Controller/ProjectControllerTest.php" line="15" class="App\Test\Controller\ProjectControllerTest" classname="App.Test.Controller.ProjectControllerTest" assertions="1" time="0.028439"/>
        <testcase name="testProj" file="/home/rebec/dbwebb-kurser/mvc/me/report/tests/Controller/ProjectControllerTest.php" line="27" class="App\Test\Controller\ProjectControllerTest" classname="App.Test.Controller.ProjectControllerTest" assertions="1" time="0.022475"/>
        <testcase name="testSquareBoard" file="/home/rebec/dbwebb-kurser/mvc/me/report/tests/Controller/ProjectControllerTest.php" line="39" class="App\Test\Controller\ProjectControllerTest" classname="App.Test.Controller.ProjectControllerTest" assertions="1" time="1.427015"/>
        <testcase name="testSquareBoardPost" file="/home/rebec/dbwebb-kurser/mvc/me/report/tests/Controller/ProjectControllerTest.php" line="55" class="App\Test\Controller\ProjectControllerTest" classname="App.Test.Controller.ProjectControllerTest" assertions="2" time="0.031038"/>
        <testcase name="testSquareBoardPostCardsFull" file="/home/rebec/dbwebb-kurser/mvc/me/report/tests/Controller/ProjectControllerTest.php" line="74" class="App\Test\Controller\ProjectControllerTest" classname="App.Test.Controller.ProjectControllerTest" assertions="2" time="0.030377"/>
        <testcase name="testSquareBoardFinishedCardsNotFilled" file="/home/rebec/dbwebb-kurser/mvc/me/report/tests/Controller/ProjectControllerTest.php" line="93" class="App\Test\Controller\ProjectControllerTest" classname="App.Test.Controller.ProjectControllerTest" assertions="1" time="0.039006"/>
        <testcase name="testSquareBoardFinishedCardsFilled" file="/home/rebec/dbwebb-kurser/mvc/me/report/tests/Controller/ProjectControllerTest.php" line="106" class="App\Test\Controller\ProjectControllerTest" classname="App.Test.Controller.ProjectControllerTest" assertions="1" time="0.039408"/>
        <testcase name="testApi" file="/home/rebec/dbwebb-kurser/mvc/me/report/tests/Controller/ProjectControllerTest.php" line="119" class="App\Test\Controller\ProjectControllerTest" classname="App.Test.Controller.ProjectControllerTest" assertions="1" time="0.036754"/>
      </testsuite>
      <testsuite name="App\Test\Controller\TwentyOneGameControllerTest" file="/home/rebec/dbwebb-kurser/mvc/me/report/tests/Controller/TwentyOneGameControllerTest.php" tests="7" assertions="7" errors="0" failures="0" skipped="0" time="0.223274">
        <testcase name="testGame" file="/home/rebec/dbwebb-kurser/mvc/me/report/tests/Controller/TwentyOneGameControllerTest.php" line="14" class="App\Test\Controller\TwentyOneGameControllerTest" classname="App.Test.Controller.TwentyOneGameControllerTest" assertions="1" time="0.016692"/>
        <testcase name="testDoc" file="/home/rebec/dbwebb-kurser/mvc/me/report/tests/Controller/TwentyOneGameControllerTest.php" line="25" class="App\Test\Controller\TwentyOneGameControllerTest" classname="App.Test.Controller.TwentyOneGameControllerTest" assertions="1" time="0.018363"/>
        <testcase name="testBoard" file="/home/rebec/dbwebb-kurser/mvc/me/report/tests/Controller/TwentyOneGameControllerTest.php" line="36" class="App\Test\Controller\TwentyOneGameControllerTest" classname="App.Test.Controller.TwentyOneGameControllerTest" assertions="1" time="0.019154"/>
        <testcase name="testBoardDrawn" file="/home/rebec/dbwebb-kurser/mvc/me/report/tests/Controller/TwentyOneGameControllerTest.php" line="47" class="App\Test\Controller\TwentyOneGameControllerTest" classname="App.Test.Controller.TwentyOneGameControllerTest" assertions="1" time="0.058070"/>
        <testcase name="testBoardEss" file="/home/rebec/dbwebb-kurser/mvc/me/report/tests/Controller/TwentyOneGameControllerTest.php" line="101" class="App\Test\Controller\TwentyOneGameControllerTest" classname="App.Test.Controller.TwentyOneGameControllerTest" assertions="1" time="0.036795"/>
        <testcase name="testBoardlost" file="/home/rebec/dbwebb-kurser/mvc/me/report/tests/Controller/TwentyOneGameControllerTest.php" line="113" class="App\Test\Controller\TwentyOneGameControllerTest" classname="App.Test.Controller.TwentyOneGameControllerTest" assertions="1" time="0.035797"/>
        <testcase name="testBoardEnd" file="/home/rebec/dbwebb-kurser/mvc/me/report/tests/Controller/TwentyOneGameControllerTest.php" line="125" class="App\Test\Controller\TwentyOneGameControllerTest" classname="App.Test.Controller.TwentyOneGameControllerTest" assertions="1" time="0.038403"/>
      </testsuite>
      <testsuite name="App\Test\Dice\DiceGraphicTest" file="/home/rebec/dbwebb-kurser/mvc/me/report/tests/Dice/DiceGraphicTest.php" tests="1" assertions="2" errors="0" failures="0" skipped="0" time="0.003328">
        <testcase name="testCreateDice" file="/home/rebec/dbwebb-kurser/mvc/me/report/tests/Dice/DiceGraphicTest.php" line="17" class="App\Test\Dice\DiceGraphicTest" classname="App.Test.Dice.DiceGraphicTest" assertions="2" time="0.003328"/>
      </testsuite>
      <testsuite name="App\Test\Dice\DiceHandTest" file="/home/rebec/dbwebb-kurser/mvc/me/report/tests/Dice/DiceHandTest.php" tests="4" assertions="6" errors="0" failures="0" skipped="0" time="0.014138">
        <testcase name="testAddStubbedDices" file="/home/rebec/dbwebb-kurser/mvc/me/report/tests/Dice/DiceHandTest.php" line="17" class="App\Test\Dice\DiceHandTest" classname="App.Test.Dice.DiceHandTest" assertions="1" time="0.004032"/>
        <testcase name="testGetNumberDices" file="/home/rebec/dbwebb-kurser/mvc/me/report/tests/Dice/DiceHandTest.php" line="39" class="App\Test\Dice\DiceHandTest" classname="App.Test.Dice.DiceHandTest" assertions="1" time="0.002724"/>
        <testcase name="testAddDicesMixed" file="/home/rebec/dbwebb-kurser/mvc/me/report/tests/Dice/DiceHandTest.php" line="56" class="App\Test\Dice\DiceHandTest" classname="App.Test.Dice.DiceHandTest" assertions="1" time="0.002379"/>
        <testcase name="testGetValues" file="/home/rebec/dbwebb-kurser/mvc/me/report/tests/Dice/DiceHandTest.php" line="67" class="App\Test\Dice\DiceHandTest" classname="App.Test.Dice.DiceHandTest" assertions="3" time="0.005002"/>
      </testsuite>
      <testsuite name="App\Test\Dice\DiceTest" file="/home/rebec/dbwebb-kurser/mvc/me/report/tests/Dice/DiceTest.php" tests="2" assertions="5" errors="0" failures="0" skipped="0" time="0.004482">
        <testcase name="testCreateDice" file="/home/rebec/dbwebb-kurser/mvc/me/report/tests/Dice/DiceTest.php" line="17" class="App\Test\Dice\DiceTest" classname="App.Test.Dice.DiceTest" assertions="2" time="0.002408"/>
        <testcase name="testRoll" file="/home/rebec/dbwebb-kurser/mvc/me/report/tests/Dice/DiceTest.php" line="29" class="App\Test\Dice\DiceTest" classname="App.Test.Dice.DiceTest" assertions="3" time="0.002074"/>
      </testsuite>
      <testsuite name="App\Test\Entity\LibraryTest" file="/home/rebec/dbwebb-kurser/mvc/me/report/tests/Entity/LibraryTest.php" tests="6" assertions="17" errors="0" failures="0" skipped="0" time="0.014677">
        <testcase name="testId" file="/home/rebec/dbwebb-kurser/mvc/me/report/tests/Entity/LibraryTest.php" line="16" class="App\Test\Entity\LibraryTest" classname="App.Test.Entity.LibraryTest" assertions="2" time="0.002886"/>
        <testcase name="testTitle" file="/home/rebec/dbwebb-kurser/mvc/me/report/tests/Entity/LibraryTest.php" line="28" class="App\Test\Entity\LibraryTest" classname="App.Test.Entity.LibraryTest" assertions="3" time="0.002559"/>
        <testcase name="testIsbn" file="/home/rebec/dbwebb-kurser/mvc/me/report/tests/Entity/LibraryTest.php" line="44" class="App\Test\Entity\LibraryTest" classname="App.Test.Entity.LibraryTest" assertions="3" time="0.002267"/>
        <testcase name="testAuthor" file="/home/rebec/dbwebb-kurser/mvc/me/report/tests/Entity/LibraryTest.php" line="60" class="App\Test\Entity\LibraryTest" classname="App.Test.Entity.LibraryTest" assertions="3" time="0.002014"/>
        <testcase name="testImgLink" file="/home/rebec/dbwebb-kurser/mvc/me/report/tests/Entity/LibraryTest.php" line="76" class="App\Test\Entity\LibraryTest" classname="App.Test.Entity.LibraryTest" assertions="3" time="0.001976"/>
        <testcase name="testDetails" file="/home/rebec/dbwebb-kurser/mvc/me/report/tests/Entity/LibraryTest.php" line="92" class="App\Test\Entity\LibraryTest" classname="App.Test.Entity.LibraryTest" assertions="3" time="0.002975"/>
      </testsuite>
      <testsuite name="App\Test\Project\TableTest" file="/home/rebec/dbwebb-kurser/mvc/me/report/tests/Project/TableTest.php" tests="4" assertions="6" errors="0" failures="0" skipped="0" time="0.009684">
        <testcase name="testCreateTable" file="/home/rebec/dbwebb-kurser/mvc/me/report/tests/Project/TableTest.php" line="18" class="App\Test\Project\TableTest" classname="App.Test.Project.TableTest" assertions="1" time="0.002099"/>
        <testcase name="testInsertCard" file="/home/rebec/dbwebb-kurser/mvc/me/report/tests/Project/TableTest.php" line="27" class="App\Test\Project\TableTest" classname="App.Test.Project.TableTest" assertions="1" time="0.002148"/>
        <testcase name="testGetTable" file="/home/rebec/dbwebb-kurser/mvc/me/report/tests/Project/TableTest.php" line="44" class="App\Test\Project\TableTest" classname="App.Test.Project.TableTest" assertions="2" time="0.002100"/>
        <testcase name="testCalculateScore" file="/home/rebec/dbwebb-kurser/mvc/me/report/tests/Project/TableTest.php" line="64" class="App\Test\Project\TableTest" classname="App.Test.Project.TableTest" assertions="2" time="0.003336"/>
      </testsuite>
    </testsuite>
  </testsuite>
</testsuites>
