<?xml version="1.0" encoding="UTF-8"?>
<testsuites>
  <testsuite name="/home/rebec/dbwebb-kurser/mvc/me/report/phpunit.dist.xml" tests="94" assertions="149" errors="0" failures="0" skipped="0" time="7.150383">
    <testsuite name="project" tests="94" assertions="149" errors="0" failures="0" skipped="0" time="7.150383">
      <testsuite name="App\Test\Card\BankCardHandTest" file="/home/rebec/dbwebb-kurser/mvc/me/report/tests/Card/BankCardHandTest.php" tests="4" assertions="7" errors="0" failures="0" skipped="0" time="0.085254">
        <testcase name="testCreateBankCardHand" file="/home/rebec/dbwebb-kurser/mvc/me/report/tests/Card/BankCardHandTest.php" line="18" class="App\Test\Card\BankCardHandTest" classname="App.Test.Card.BankCardHandTest" assertions="1" time="0.072688"/>
        <testcase name="testPlayGame" file="/home/rebec/dbwebb-kurser/mvc/me/report/tests/Card/BankCardHandTest.php" line="29" class="App\Test\Card\BankCardHandTest" classname="App.Test.Card.BankCardHandTest" assertions="2" time="0.005344"/>
        <testcase name="testTotalPoints" file="/home/rebec/dbwebb-kurser/mvc/me/report/tests/Card/BankCardHandTest.php" line="46" class="App\Test\Card\BankCardHandTest" classname="App.Test.Card.BankCardHandTest" assertions="2" time="0.003559"/>
        <testcase name="testaddPoints" file="/home/rebec/dbwebb-kurser/mvc/me/report/tests/Card/BankCardHandTest.php" line="64" class="App\Test\Card\BankCardHandTest" classname="App.Test.Card.BankCardHandTest" assertions="2" time="0.003663"/>
      </testsuite>
      <testsuite name="App\Test\Card\CardGraphicTest" file="/home/rebec/dbwebb-kurser/mvc/me/report/tests/Card/CardGraphicTest.php" tests="5" assertions="11" errors="0" failures="0" skipped="0" time="0.013485">
        <testcase name="testCreateCardGraphic" file="/home/rebec/dbwebb-kurser/mvc/me/report/tests/Card/CardGraphicTest.php" line="17" class="App\Test\Card\CardGraphicTest" classname="App.Test.Card.CardGraphicTest" assertions="3" time="0.004108"/>
        <testcase name="testGetCardHeart" file="/home/rebec/dbwebb-kurser/mvc/me/report/tests/Card/CardGraphicTest.php" line="32" class="App\Test\Card\CardGraphicTest" classname="App.Test.Card.CardGraphicTest" assertions="2" time="0.002576"/>
        <testcase name="testGetCardClub" file="/home/rebec/dbwebb-kurser/mvc/me/report/tests/Card/CardGraphicTest.php" line="45" class="App\Test\Card\CardGraphicTest" classname="App.Test.Card.CardGraphicTest" assertions="2" time="0.002314"/>
        <testcase name="testGetCardDiamond" file="/home/rebec/dbwebb-kurser/mvc/me/report/tests/Card/CardGraphicTest.php" line="58" class="App\Test\Card\CardGraphicTest" classname="App.Test.Card.CardGraphicTest" assertions="2" time="0.002231"/>
        <testcase name="testGetCardSpade" file="/home/rebec/dbwebb-kurser/mvc/me/report/tests/Card/CardGraphicTest.php" line="71" class="App\Test\Card\CardGraphicTest" classname="App.Test.Card.CardGraphicTest" assertions="2" time="0.002256"/>
      </testsuite>
      <testsuite name="App\Test\Card\CardHandTest" file="/home/rebec/dbwebb-kurser/mvc/me/report/tests/Card/CardHandTest.php" tests="4" assertions="14" errors="0" failures="0" skipped="0" time="0.014304">
        <testcase name="testCreateCardHand" file="/home/rebec/dbwebb-kurser/mvc/me/report/tests/Card/CardHandTest.php" line="18" class="App\Test\Card\CardHandTest" classname="App.Test.Card.CardHandTest" assertions="1" time="0.003545"/>
        <testcase name="testDrawCard" file="/home/rebec/dbwebb-kurser/mvc/me/report/tests/Card/CardHandTest.php" line="29" class="App\Test\Card\CardHandTest" classname="App.Test.Card.CardHandTest" assertions="4" time="0.003152"/>
        <testcase name="testDrawCardMore" file="/home/rebec/dbwebb-kurser/mvc/me/report/tests/Card/CardHandTest.php" line="47" class="App\Test\Card\CardHandTest" classname="App.Test.Card.CardHandTest" assertions="4" time="0.003353"/>
        <testcase name="testDrawCardToMany" file="/home/rebec/dbwebb-kurser/mvc/me/report/tests/Card/CardHandTest.php" line="65" class="App\Test\Card\CardHandTest" classname="App.Test.Card.CardHandTest" assertions="5" time="0.004253"/>
      </testsuite>
      <testsuite name="App\Test\Card\CardTest" file="/home/rebec/dbwebb-kurser/mvc/me/report/tests/Card/CardTest.php" tests="2" assertions="5" errors="0" failures="0" skipped="0" time="0.006836">
        <testcase name="testCreateCard" file="/home/rebec/dbwebb-kurser/mvc/me/report/tests/Card/CardTest.php" line="17" class="App\Test\Card\CardTest" classname="App.Test.Card.CardTest" assertions="3" time="0.003580"/>
        <testcase name="testGetCard" file="/home/rebec/dbwebb-kurser/mvc/me/report/tests/Card/CardTest.php" line="32" class="App\Test\Card\CardTest" classname="App.Test.Card.CardTest" assertions="2" time="0.003256"/>
      </testsuite>
      <testsuite name="App\Test\Card\DeckOfCardsTest" file="/home/rebec/dbwebb-kurser/mvc/me/report/tests/Card/DeckOfCardsTest.php" tests="3" assertions="8" errors="0" failures="0" skipped="0" time="0.011300">
        <testcase name="testCreateDeckOfCards" file="/home/rebec/dbwebb-kurser/mvc/me/report/tests/Card/DeckOfCardsTest.php" line="17" class="App\Test\Card\DeckOfCardsTest" classname="App.Test.Card.DeckOfCardsTest" assertions="3" time="0.004816"/>
        <testcase name="testGetNumOfCard" file="/home/rebec/dbwebb-kurser/mvc/me/report/tests/Card/DeckOfCardsTest.php" line="32" class="App\Test\Card\DeckOfCardsTest" classname="App.Test.Card.DeckOfCardsTest" assertions="3" time="0.003887"/>
        <testcase name="testDrawCard" file="/home/rebec/dbwebb-kurser/mvc/me/report/tests/Card/DeckOfCardsTest.php" line="50" class="App\Test\Card\DeckOfCardsTest" classname="App.Test.Card.DeckOfCardsTest" assertions="2" time="0.002597"/>
      </testsuite>
      <testsuite name="App\Test\Card\PlayerCardHandTest" file="/home/rebec/dbwebb-kurser/mvc/me/report/tests/Card/PlayerCardHandTest.php" tests="4" assertions="7" errors="0" failures="0" skipped="0" time="0.013216">
        <testcase name="testCreatePlayerCardHand" file="/home/rebec/dbwebb-kurser/mvc/me/report/tests/Card/PlayerCardHandTest.php" line="18" class="App\Test\Card\PlayerCardHandTest" classname="App.Test.Card.PlayerCardHandTest" assertions="1" time="0.002885"/>
        <testcase name="testDrawPlayerCard" file="/home/rebec/dbwebb-kurser/mvc/me/report/tests/Card/PlayerCardHandTest.php" line="29" class="App\Test\Card\PlayerCardHandTest" classname="App.Test.Card.PlayerCardHandTest" assertions="2" time="0.003055"/>
        <testcase name="testTotalPoints" file="/home/rebec/dbwebb-kurser/mvc/me/report/tests/Card/PlayerCardHandTest.php" line="46" class="App\Test\Card\PlayerCardHandTest" classname="App.Test.Card.PlayerCardHandTest" assertions="2" time="0.004369"/>
        <testcase name="testaddPoints" file="/home/rebec/dbwebb-kurser/mvc/me/report/tests/Card/PlayerCardHandTest.php" line="64" class="App\Test\Card\PlayerCardHandTest" classname="App.Test.Card.PlayerCardHandTest" assertions="2" time="0.002907"/>
      </testsuite>
      <testsuite name="App\Test\Controller\AppControllerJsonTest" file="/home/rebec/dbwebb-kurser/mvc/me/report/tests/Controller/AppControllerJsonTest.php" tests="7" assertions="7" errors="0" failures="0" skipped="0" time="3.130397">
        <testcase name="testJsonQuote" file="/home/rebec/dbwebb-kurser/mvc/me/report/tests/Controller/AppControllerJsonTest.php" line="15" class="App\Test\Controller\AppControllerJsonTest" classname="App.Test.Controller.AppControllerJsonTest" assertions="1" time="3.012040"/>
        <testcase name="testJsonDeck" file="/home/rebec/dbwebb-kurser/mvc/me/report/tests/Controller/AppControllerJsonTest.php" line="27" class="App\Test\Controller\AppControllerJsonTest" classname="App.Test.Controller.AppControllerJsonTest" assertions="1" time="0.018350"/>
        <testcase name="testJsonShuffle" file="/home/rebec/dbwebb-kurser/mvc/me/report/tests/Controller/AppControllerJsonTest.php" line="38" class="App\Test\Controller\AppControllerJsonTest" classname="App.Test.Controller.AppControllerJsonTest" assertions="1" time="0.023354"/>
        <testcase name="testJsonDraw" file="/home/rebec/dbwebb-kurser/mvc/me/report/tests/Controller/AppControllerJsonTest.php" line="50" class="App\Test\Controller\AppControllerJsonTest" classname="App.Test.Controller.AppControllerJsonTest" assertions="1" time="0.022141"/>
        <testcase name="testJsonDrawMore" file="/home/rebec/dbwebb-kurser/mvc/me/report/tests/Controller/AppControllerJsonTest.php" line="62" class="App\Test\Controller\AppControllerJsonTest" classname="App.Test.Controller.AppControllerJsonTest" assertions="1" time="0.018800"/>
        <testcase name="testJsonDrawMoreMax" file="/home/rebec/dbwebb-kurser/mvc/me/report/tests/Controller/AppControllerJsonTest.php" line="74" class="App\Test\Controller\AppControllerJsonTest" classname="App.Test.Controller.AppControllerJsonTest" assertions="1" time="0.016642"/>
        <testcase name="testJsonGame" file="/home/rebec/dbwebb-kurser/mvc/me/report/tests/Controller/AppControllerJsonTest.php" line="86" class="App\Test\Controller\AppControllerJsonTest" classname="App.Test.Controller.AppControllerJsonTest" assertions="1" time="0.019071"/>
      </testsuite>
      <testsuite name="App\Test\Controller\AppControllerTwigTest" file="/home/rebec/dbwebb-kurser/mvc/me/report/tests/Controller/AppControllerTwigTest.php" tests="6" assertions="6" errors="0" failures="0" skipped="0" time="0.170102">
        <testcase name="testHome" file="/home/rebec/dbwebb-kurser/mvc/me/report/tests/Controller/AppControllerTwigTest.php" line="13" class="App\Test\Controller\AppControllerTwigTest" classname="App.Test.Controller.AppControllerTwigTest" assertions="1" time="0.057232"/>
        <testcase name="testAbout" file="/home/rebec/dbwebb-kurser/mvc/me/report/tests/Controller/AppControllerTwigTest.php" line="24" class="App\Test\Controller\AppControllerTwigTest" classname="App.Test.Controller.AppControllerTwigTest" assertions="1" time="0.021614"/>
        <testcase name="testReport" file="/home/rebec/dbwebb-kurser/mvc/me/report/tests/Controller/AppControllerTwigTest.php" line="35" class="App\Test\Controller\AppControllerTwigTest" classname="App.Test.Controller.AppControllerTwigTest" assertions="1" time="0.021492"/>
        <testcase name="testLucky" file="/home/rebec/dbwebb-kurser/mvc/me/report/tests/Controller/AppControllerTwigTest.php" line="46" class="App\Test\Controller\AppControllerTwigTest" classname="App.Test.Controller.AppControllerTwigTest" assertions="1" time="0.020176"/>
        <testcase name="testApi" file="/home/rebec/dbwebb-kurser/mvc/me/report/tests/Controller/AppControllerTwigTest.php" line="57" class="App\Test\Controller\AppControllerTwigTest" classname="App.Test.Controller.AppControllerTwigTest" assertions="1" time="0.024984"/>
        <testcase name="testMetrics" file="/home/rebec/dbwebb-kurser/mvc/me/report/tests/Controller/AppControllerTwigTest.php" line="68" class="App\Test\Controller\AppControllerTwigTest" classname="App.Test.Controller.AppControllerTwigTest" assertions="1" time="0.024604"/>
      </testsuite>
      <testsuite name="App\Test\Controller\CardGameControllerTest" file="/home/rebec/dbwebb-kurser/mvc/me/report/tests/Controller/CardGameControllerTest.php" tests="10" assertions="11" errors="0" failures="0" skipped="0" time="0.505868">
        <testcase name="testSession" file="/home/rebec/dbwebb-kurser/mvc/me/report/tests/Controller/CardGameControllerTest.php" line="13" class="App\Test\Controller\CardGameControllerTest" classname="App.Test.Controller.CardGameControllerTest" assertions="2" time="0.040834"/>
        <testcase name="testCard" file="/home/rebec/dbwebb-kurser/mvc/me/report/tests/Controller/CardGameControllerTest.php" line="28" class="App\Test\Controller\CardGameControllerTest" classname="App.Test.Controller.CardGameControllerTest" assertions="1" time="0.025385"/>
        <testcase name="testDeckNoSession" file="/home/rebec/dbwebb-kurser/mvc/me/report/tests/Controller/CardGameControllerTest.php" line="39" class="App\Test\Controller\CardGameControllerTest" classname="App.Test.Controller.CardGameControllerTest" assertions="1" time="0.026123"/>
        <testcase name="testDeck" file="/home/rebec/dbwebb-kurser/mvc/me/report/tests/Controller/CardGameControllerTest.php" line="50" class="App\Test\Controller\CardGameControllerTest" classname="App.Test.Controller.CardGameControllerTest" assertions="1" time="0.053729"/>
        <testcase name="testShuffleNoSession" file="/home/rebec/dbwebb-kurser/mvc/me/report/tests/Controller/CardGameControllerTest.php" line="62" class="App\Test\Controller\CardGameControllerTest" classname="App.Test.Controller.CardGameControllerTest" assertions="1" time="0.028027"/>
        <testcase name="testShuffle" file="/home/rebec/dbwebb-kurser/mvc/me/report/tests/Controller/CardGameControllerTest.php" line="73" class="App\Test\Controller\CardGameControllerTest" classname="App.Test.Controller.CardGameControllerTest" assertions="1" time="0.056900"/>
        <testcase name="testDrawNoSession" file="/home/rebec/dbwebb-kurser/mvc/me/report/tests/Controller/CardGameControllerTest.php" line="85" class="App\Test\Controller\CardGameControllerTest" classname="App.Test.Controller.CardGameControllerTest" assertions="1" time="0.026467"/>
        <testcase name="testDraw" file="/home/rebec/dbwebb-kurser/mvc/me/report/tests/Controller/CardGameControllerTest.php" line="96" class="App\Test\Controller\CardGameControllerTest" classname="App.Test.Controller.CardGameControllerTest" assertions="1" time="0.058501"/>
        <testcase name="testDrawManyNoSession" file="/home/rebec/dbwebb-kurser/mvc/me/report/tests/Controller/CardGameControllerTest.php" line="108" class="App\Test\Controller\CardGameControllerTest" classname="App.Test.Controller.CardGameControllerTest" assertions="1" time="0.033394"/>
        <testcase name="testDrawMany" file="/home/rebec/dbwebb-kurser/mvc/me/report/tests/Controller/CardGameControllerTest.php" line="119" class="App\Test\Controller\CardGameControllerTest" classname="App.Test.Controller.CardGameControllerTest" assertions="1" time="0.156508"/>
      </testsuite>
      <testsuite name="App\Test\Controller\DiceGameControllerTest" file="/home/rebec/dbwebb-kurser/mvc/me/report/tests/Controller/DiceGameControllerTest.php" tests="10" assertions="13" errors="0" failures="0" skipped="0" time="0.294377">
        <testcase name="testHome" file="/home/rebec/dbwebb-kurser/mvc/me/report/tests/Controller/DiceGameControllerTest.php" line="13" class="App\Test\Controller\DiceGameControllerTest" classname="App.Test.Controller.DiceGameControllerTest" assertions="1" time="0.024959"/>
        <testcase name="testRollDice" file="/home/rebec/dbwebb-kurser/mvc/me/report/tests/Controller/DiceGameControllerTest.php" line="24" class="App\Test\Controller\DiceGameControllerTest" classname="App.Test.Controller.DiceGameControllerTest" assertions="1" time="0.028140"/>
        <testcase name="testTestRollDices" file="/home/rebec/dbwebb-kurser/mvc/me/report/tests/Controller/DiceGameControllerTest.php" line="35" class="App\Test\Controller\DiceGameControllerTest" classname="App.Test.Controller.DiceGameControllerTest" assertions="1" time="0.022113"/>
        <testcase name="testRollDicesTooMany" file="/home/rebec/dbwebb-kurser/mvc/me/report/tests/Controller/DiceGameControllerTest.php" line="46" class="App\Test\Controller\DiceGameControllerTest" classname="App.Test.Controller.DiceGameControllerTest" assertions="1" time="0.031321"/>
        <testcase name="testTestDiceHand" file="/home/rebec/dbwebb-kurser/mvc/me/report/tests/Controller/DiceGameControllerTest.php" line="57" class="App\Test\Controller\DiceGameControllerTest" classname="App.Test.Controller.DiceGameControllerTest" assertions="1" time="0.027980"/>
        <testcase name="testInit" file="/home/rebec/dbwebb-kurser/mvc/me/report/tests/Controller/DiceGameControllerTest.php" line="68" class="App\Test\Controller\DiceGameControllerTest" classname="App.Test.Controller.DiceGameControllerTest" assertions="1" time="0.025502"/>
        <testcase name="testInitPost" file="/home/rebec/dbwebb-kurser/mvc/me/report/tests/Controller/DiceGameControllerTest.php" line="79" class="App\Test\Controller\DiceGameControllerTest" classname="App.Test.Controller.DiceGameControllerTest" assertions="2" time="0.014710"/>
        <testcase name="testPlay" file="/home/rebec/dbwebb-kurser/mvc/me/report/tests/Controller/DiceGameControllerTest.php" line="92" class="App\Test\Controller\DiceGameControllerTest" classname="App.Test.Controller.DiceGameControllerTest" assertions="1" time="0.041632"/>
        <testcase name="testRoll" file="/home/rebec/dbwebb-kurser/mvc/me/report/tests/Controller/DiceGameControllerTest.php" line="106" class="App\Test\Controller\DiceGameControllerTest" classname="App.Test.Controller.DiceGameControllerTest" assertions="2" time="0.050340"/>
        <testcase name="testSave" file="/home/rebec/dbwebb-kurser/mvc/me/report/tests/Controller/DiceGameControllerTest.php" line="120" class="App\Test\Controller\DiceGameControllerTest" classname="App.Test.Controller.DiceGameControllerTest" assertions="2" time="0.027680"/>
      </testsuite>
      <testsuite name="App\Test\Controller\LibraryControllerTest" file="/home/rebec/dbwebb-kurser/mvc/me/report/tests/Controller/LibraryControllerTest.php" tests="1" assertions="1" errors="0" failures="0" skipped="0" time="0.041979">
        <testcase name="testIndex" file="/home/rebec/dbwebb-kurser/mvc/me/report/tests/Controller/LibraryControllerTest.php" line="15" class="App\Test\Controller\LibraryControllerTest" classname="App.Test.Controller.LibraryControllerTest" assertions="1" time="0.041979"/>
      </testsuite>
      <testsuite name="App\Test\Controller\ProjectControllerJsonTest" file="/home/rebec/dbwebb-kurser/mvc/me/report/tests/Controller/ProjectControllerJsonTest.php" tests="6" assertions="6" errors="0" failures="0" skipped="0" time="0.127821">
        <testcase name="testApiDeck" file="/home/rebec/dbwebb-kurser/mvc/me/report/tests/Controller/ProjectControllerJsonTest.php" line="13" class="App\Test\Controller\ProjectControllerJsonTest" classname="App.Test.Controller.ProjectControllerJsonTest" assertions="1" time="0.025368"/>
        <testcase name="testApiTable" file="/home/rebec/dbwebb-kurser/mvc/me/report/tests/Controller/ProjectControllerJsonTest.php" line="25" class="App\Test\Controller\ProjectControllerJsonTest" classname="App.Test.Controller.ProjectControllerJsonTest" assertions="1" time="0.030382"/>
        <testcase name="testApiTableString" file="/home/rebec/dbwebb-kurser/mvc/me/report/tests/Controller/ProjectControllerJsonTest.php" line="37" class="App\Test\Controller\ProjectControllerJsonTest" classname="App.Test.Controller.ProjectControllerJsonTest" assertions="1" time="0.020630"/>
        <testcase name="testApiTableIsFull" file="/home/rebec/dbwebb-kurser/mvc/me/report/tests/Controller/ProjectControllerJsonTest.php" line="49" class="App\Test\Controller\ProjectControllerJsonTest" classname="App.Test.Controller.ProjectControllerJsonTest" assertions="1" time="0.016510"/>
        <testcase name="testApiScore" file="/home/rebec/dbwebb-kurser/mvc/me/report/tests/Controller/ProjectControllerJsonTest.php" line="61" class="App\Test\Controller\ProjectControllerJsonTest" classname="App.Test.Controller.ProjectControllerJsonTest" assertions="1" time="0.016948"/>
        <testcase name="testApiDelete" file="/home/rebec/dbwebb-kurser/mvc/me/report/tests/Controller/ProjectControllerJsonTest.php" line="73" class="App\Test\Controller\ProjectControllerJsonTest" classname="App.Test.Controller.ProjectControllerJsonTest" assertions="1" time="0.017984"/>
      </testsuite>
      <testsuite name="App\Test\Controller\ProjectControllerTest" file="/home/rebec/dbwebb-kurser/mvc/me/report/tests/Controller/ProjectControllerTest.php" tests="8" assertions="10" errors="0" failures="0" skipped="0" time="2.374825">
        <testcase name="testAbout" file="/home/rebec/dbwebb-kurser/mvc/me/report/tests/Controller/ProjectControllerTest.php" line="15" class="App\Test\Controller\ProjectControllerTest" classname="App.Test.Controller.ProjectControllerTest" assertions="1" time="0.024040"/>
        <testcase name="testProj" file="/home/rebec/dbwebb-kurser/mvc/me/report/tests/Controller/ProjectControllerTest.php" line="27" class="App\Test\Controller\ProjectControllerTest" classname="App.Test.Controller.ProjectControllerTest" assertions="1" time="0.030378"/>
        <testcase name="testSquareBoard" file="/home/rebec/dbwebb-kurser/mvc/me/report/tests/Controller/ProjectControllerTest.php" line="39" class="App\Test\Controller\ProjectControllerTest" classname="App.Test.Controller.ProjectControllerTest" assertions="1" time="2.081562"/>
        <testcase name="testSquareBoardPost" file="/home/rebec/dbwebb-kurser/mvc/me/report/tests/Controller/ProjectControllerTest.php" line="55" class="App\Test\Controller\ProjectControllerTest" classname="App.Test.Controller.ProjectControllerTest" assertions="2" time="0.044901"/>
        <testcase name="testSquareBoardPostCardsFull" file="/home/rebec/dbwebb-kurser/mvc/me/report/tests/Controller/ProjectControllerTest.php" line="74" class="App\Test\Controller\ProjectControllerTest" classname="App.Test.Controller.ProjectControllerTest" assertions="2" time="0.038287"/>
        <testcase name="testSquareBoardFinishedCardsNotFilled" file="/home/rebec/dbwebb-kurser/mvc/me/report/tests/Controller/ProjectControllerTest.php" line="93" class="App\Test\Controller\ProjectControllerTest" classname="App.Test.Controller.ProjectControllerTest" assertions="1" time="0.052303"/>
        <testcase name="testSquareBoardFinishedCardsFilled" file="/home/rebec/dbwebb-kurser/mvc/me/report/tests/Controller/ProjectControllerTest.php" line="106" class="App\Test\Controller\ProjectControllerTest" classname="App.Test.Controller.ProjectControllerTest" assertions="1" time="0.059335"/>
        <testcase name="testApi" file="/home/rebec/dbwebb-kurser/mvc/me/report/tests/Controller/ProjectControllerTest.php" line="119" class="App\Test\Controller\ProjectControllerTest" classname="App.Test.Controller.ProjectControllerTest" assertions="1" time="0.044018"/>
      </testsuite>
      <testsuite name="App\Test\Controller\TwentyOneGameControllerTest" file="/home/rebec/dbwebb-kurser/mvc/me/report/tests/Controller/TwentyOneGameControllerTest.php" tests="7" assertions="7" errors="0" failures="0" skipped="0" time="0.309625">
        <testcase name="testGame" file="/home/rebec/dbwebb-kurser/mvc/me/report/tests/Controller/TwentyOneGameControllerTest.php" line="14" class="App\Test\Controller\TwentyOneGameControllerTest" classname="App.Test.Controller.TwentyOneGameControllerTest" assertions="1" time="0.026489"/>
        <testcase name="testDoc" file="/home/rebec/dbwebb-kurser/mvc/me/report/tests/Controller/TwentyOneGameControllerTest.php" line="25" class="App\Test\Controller\TwentyOneGameControllerTest" classname="App.Test.Controller.TwentyOneGameControllerTest" assertions="1" time="0.023941"/>
        <testcase name="testBoard" file="/home/rebec/dbwebb-kurser/mvc/me/report/tests/Controller/TwentyOneGameControllerTest.php" line="36" class="App\Test\Controller\TwentyOneGameControllerTest" classname="App.Test.Controller.TwentyOneGameControllerTest" assertions="1" time="0.025891"/>
        <testcase name="testBoardDrawn" file="/home/rebec/dbwebb-kurser/mvc/me/report/tests/Controller/TwentyOneGameControllerTest.php" line="47" class="App\Test\Controller\TwentyOneGameControllerTest" classname="App.Test.Controller.TwentyOneGameControllerTest" assertions="1" time="0.060444"/>
        <testcase name="testBoardEss" file="/home/rebec/dbwebb-kurser/mvc/me/report/tests/Controller/TwentyOneGameControllerTest.php" line="101" class="App\Test\Controller\TwentyOneGameControllerTest" classname="App.Test.Controller.TwentyOneGameControllerTest" assertions="1" time="0.063939"/>
        <testcase name="testBoardlost" file="/home/rebec/dbwebb-kurser/mvc/me/report/tests/Controller/TwentyOneGameControllerTest.php" line="113" class="App\Test\Controller\TwentyOneGameControllerTest" classname="App.Test.Controller.TwentyOneGameControllerTest" assertions="1" time="0.056309"/>
        <testcase name="testBoardEnd" file="/home/rebec/dbwebb-kurser/mvc/me/report/tests/Controller/TwentyOneGameControllerTest.php" line="125" class="App\Test\Controller\TwentyOneGameControllerTest" classname="App.Test.Controller.TwentyOneGameControllerTest" assertions="1" time="0.052613"/>
      </testsuite>
      <testsuite name="App\Test\Dice\DiceGraphicTest" file="/home/rebec/dbwebb-kurser/mvc/me/report/tests/Dice/DiceGraphicTest.php" tests="1" assertions="2" errors="0" failures="0" skipped="0" time="0.002922">
        <testcase name="testCreateDice" file="/home/rebec/dbwebb-kurser/mvc/me/report/tests/Dice/DiceGraphicTest.php" line="17" class="App\Test\Dice\DiceGraphicTest" classname="App.Test.Dice.DiceGraphicTest" assertions="2" time="0.002922"/>
      </testsuite>
      <testsuite name="App\Test\Dice\DiceHandTest" file="/home/rebec/dbwebb-kurser/mvc/me/report/tests/Dice/DiceHandTest.php" tests="4" assertions="6" errors="0" failures="0" skipped="0" time="0.014846">
        <testcase name="testAddStubbedDices" file="/home/rebec/dbwebb-kurser/mvc/me/report/tests/Dice/DiceHandTest.php" line="17" class="App\Test\Dice\DiceHandTest" classname="App.Test.Dice.DiceHandTest" assertions="1" time="0.005196"/>
        <testcase name="testGetNumberDices" file="/home/rebec/dbwebb-kurser/mvc/me/report/tests/Dice/DiceHandTest.php" line="39" class="App\Test\Dice\DiceHandTest" classname="App.Test.Dice.DiceHandTest" assertions="1" time="0.002934"/>
        <testcase name="testAddDicesMixed" file="/home/rebec/dbwebb-kurser/mvc/me/report/tests/Dice/DiceHandTest.php" line="56" class="App\Test\Dice\DiceHandTest" classname="App.Test.Dice.DiceHandTest" assertions="1" time="0.002321"/>
        <testcase name="testGetValues" file="/home/rebec/dbwebb-kurser/mvc/me/report/tests/Dice/DiceHandTest.php" line="67" class="App\Test\Dice\DiceHandTest" classname="App.Test.Dice.DiceHandTest" assertions="3" time="0.004395"/>
      </testsuite>
      <testsuite name="App\Test\Dice\DiceTest" file="/home/rebec/dbwebb-kurser/mvc/me/report/tests/Dice/DiceTest.php" tests="2" assertions="5" errors="0" failures="0" skipped="0" time="0.005042">
        <testcase name="testCreateDice" file="/home/rebec/dbwebb-kurser/mvc/me/report/tests/Dice/DiceTest.php" line="17" class="App\Test\Dice\DiceTest" classname="App.Test.Dice.DiceTest" assertions="2" time="0.002475"/>
        <testcase name="testRoll" file="/home/rebec/dbwebb-kurser/mvc/me/report/tests/Dice/DiceTest.php" line="29" class="App\Test\Dice\DiceTest" classname="App.Test.Dice.DiceTest" assertions="3" time="0.002566"/>
      </testsuite>
      <testsuite name="App\Test\Entity\LibraryTest" file="/home/rebec/dbwebb-kurser/mvc/me/report/tests/Entity/LibraryTest.php" tests="6" assertions="17" errors="0" failures="0" skipped="0" time="0.015003">
        <testcase name="testId" file="/home/rebec/dbwebb-kurser/mvc/me/report/tests/Entity/LibraryTest.php" line="16" class="App\Test\Entity\LibraryTest" classname="App.Test.Entity.LibraryTest" assertions="2" time="0.002314"/>
        <testcase name="testTitle" file="/home/rebec/dbwebb-kurser/mvc/me/report/tests/Entity/LibraryTest.php" line="28" class="App\Test\Entity\LibraryTest" classname="App.Test.Entity.LibraryTest" assertions="3" time="0.002582"/>
        <testcase name="testIsbn" file="/home/rebec/dbwebb-kurser/mvc/me/report/tests/Entity/LibraryTest.php" line="44" class="App\Test\Entity\LibraryTest" classname="App.Test.Entity.LibraryTest" assertions="3" time="0.002367"/>
        <testcase name="testAuthor" file="/home/rebec/dbwebb-kurser/mvc/me/report/tests/Entity/LibraryTest.php" line="60" class="App\Test\Entity\LibraryTest" classname="App.Test.Entity.LibraryTest" assertions="3" time="0.002819"/>
        <testcase name="testImgLink" file="/home/rebec/dbwebb-kurser/mvc/me/report/tests/Entity/LibraryTest.php" line="76" class="App\Test\Entity\LibraryTest" classname="App.Test.Entity.LibraryTest" assertions="3" time="0.002556"/>
        <testcase name="testDetails" file="/home/rebec/dbwebb-kurser/mvc/me/report/tests/Entity/LibraryTest.php" line="92" class="App\Test\Entity\LibraryTest" classname="App.Test.Entity.LibraryTest" assertions="3" time="0.002366"/>
      </testsuite>
      <testsuite name="App\Test\Project\TableTest" file="/home/rebec/dbwebb-kurser/mvc/me/report/tests/Project/TableTest.php" tests="4" assertions="6" errors="0" failures="0" skipped="0" time="0.013181">
        <testcase name="testCreateTable" file="/home/rebec/dbwebb-kurser/mvc/me/report/tests/Project/TableTest.php" line="18" class="App\Test\Project\TableTest" classname="App.Test.Project.TableTest" assertions="1" time="0.002824"/>
        <testcase name="testInsertCard" file="/home/rebec/dbwebb-kurser/mvc/me/report/tests/Project/TableTest.php" line="27" class="App\Test\Project\TableTest" classname="App.Test.Project.TableTest" assertions="1" time="0.002810"/>
        <testcase name="testGetTable" file="/home/rebec/dbwebb-kurser/mvc/me/report/tests/Project/TableTest.php" line="44" class="App\Test\Project\TableTest" classname="App.Test.Project.TableTest" assertions="2" time="0.003184"/>
        <testcase name="testCalculateScore" file="/home/rebec/dbwebb-kurser/mvc/me/report/tests/Project/TableTest.php" line="64" class="App\Test\Project\TableTest" classname="App.Test.Project.TableTest" assertions="2" time="0.004363"/>
      </testsuite>
    </testsuite>
  </testsuite>
</testsuites>
